<?xml version="1.0" encoding="UTF-8"?>
<!-- Generated by org.testng.reporters.JUnitReportReporter -->
<testsuite hostname="DESKTOP-40SP35D" failures="0" tests="2" name="qaclickacademy.mavenjava.SeleniumTest" time="0.004" errors="0" timestamp="2022-06-23T17:38:19 PDT" skipped="0">
  <testcase classname="qaclickacademy.mavenjava.SeleniumTest" name="BrowserAutomation" time="0.004"/>
  <system-out/>
  <testcase classname="qaclickacademy.mavenjava.SeleniumTest" name="elements" time="0.000"/>
  <system-out/>
</testsuite> <!-- qaclickacademy.mavenjava.SeleniumTest -->
