<?xml version="1.0" encoding="UTF-8"?>
<!-- Generated by org.testng.reporters.JUnitReportReporter -->
<testsuite hostname="DESKTOP-40SP35D" failures="0" tests="2" name="qaclickacademy.mavenjava.AppiumTest" time="0.000" errors="0" timestamp="2022-06-23T13:09:26 PDT" skipped="0">
  <testcase classname="qaclickacademy.mavenjava.AppiumTest" name="NativeAppAndroid" time="0.000"/>
  <system-out/>
  <testcase classname="qaclickacademy.mavenjava.AppiumTest" name="iosApp" time="0.000"/>
  <system-out/>
</testsuite> <!-- qaclickacademy.mavenjava.AppiumTest -->
