<?xml version="1.0" encoding="UTF-8"?>
<!-- Generated by org.testng.reporters.JUnitReportReporter -->
<testsuite hostname="DESKTOP-40SP35D" failures="0" tests="2" name="qaclickacademy.mavenjava.RESTAPITest" time="0.001" errors="0" timestamp="2022-06-23T17:38:19 PDT" skipped="0">
  <testcase classname="qaclickacademy.mavenjava.RESTAPITest" name="postJira" time="0.000"/>
  <system-out/>
  <testcase classname="qaclickacademy.mavenjava.RESTAPITest" name="deleteTwitter" time="0.001"/>
  <system-out/>
</testsuite> <!-- qaclickacademy.mavenjava.RESTAPITest -->
